  main.cpp
C:\Users\Crist\Desktop\Prog Videojuegos\Plantillas de programas\Parcial 2\Laberinto\Texture.h(66,28): warning C4101: 'nrChannels': variable local sin referencia
C:\Users\Crist\Desktop\Prog Videojuegos\Plantillas de programas\Parcial 2\Laberinto\main.cpp(189,13): warning C4244: 'inicializando': conversión de 'double' a 'float'; posible pérdida de datos
C:\Users\Crist\Desktop\Prog Videojuegos\Plantillas de programas\Parcial 2\Laberinto\main.cpp(210,28): warning C4244: 'argumento': conversión de 'double' a 'float'; posible pérdida de datos
C:\Users\Crist\Desktop\Prog Videojuegos\Plantillas de programas\Parcial 2\Laberinto\main.cpp(216,20): warning C4244: 'inicializando': conversión de 'double' a 'float'; posible pérdida de datos
C:\Users\Crist\Desktop\Prog Videojuegos\Plantillas de programas\Parcial 2\Laberinto\main.cpp(237,21): warning C4244: '=': conversión de 'double' a 'T'; posible pérdida de datos
          with
          [
              T=float
          ]
C:\Users\Crist\Desktop\Prog Videojuegos\Plantillas de programas\Parcial 2\Laberinto\main.cpp(238,21): warning C4244: '=': conversión de 'double' a 'T'; posible pérdida de datos
          with
          [
              T=float
          ]
C:\Users\Crist\Desktop\Prog Videojuegos\Plantillas de programas\Parcial 2\Laberinto\main.cpp(239,21): warning C4244: '=': conversión de 'double' a 'T'; posible pérdida de datos
          with
          [
              T=float
          ]
  Proyecto Primera Persona.vcxproj -> C:\Users\Crist\Desktop\Prog Videojuegos\Plantillas de programas\Parcial 2\Laberinto\x64\Debug\Proyecto Primera Persona.exe
